<?xml version="1.0" encoding="UTF-8"?><testsuites failures="18" name="dependency-check" tests="31"><testsuite failures="0" id="0" name="C:\Users\efeeeog\.m2\repository\com\zaxxer\HikariCP\5.0.1\HikariCP-5.0.1.jar" package="HikariCP-5.0.1.jar" skipped="0" tests="1" timestamp="2023-08-11T10:26:06.2744126"><testcase classname="dependency-check" name="HikariCP-5.0.1.jar"/></testsuite><testsuite failures="0" id="1" name="C:\Users\efeeeog\.m2\repository\org\eclipse\angus\angus-activation\1.0.0\angus-activation-1.0.0.jar" package="angus-activation-1.0.0.jar" skipped="0" tests="1" timestamp="2023-08-11T10:26:06.2744126"><testcase classname="dependency-check" name="angus-activation-1.0.0.jar"/></testsuite><testsuite failures="0" id="2" name="C:\Users\efeeeog\.m2\repository\org\antlr\antlr4-runtime\4.10.1\antlr4-runtime-4.10.1.jar" package="antlr4-runtime-4.10.1.jar" skipped="0" tests="1" timestamp="2023-08-11T10:26:06.2744126"><testcase classname="dependency-check" name="antlr4-runtime-4.10.1.jar"/></testsuite><testsuite failures="0" id="3" name="C:\Users\efeeeog\.m2\repository\org\aspectj\aspectjweaver\1.9.19\aspectjweaver-1.9.19.jar" package="aspectjweaver-1.9.19.jar" skipped="0" tests="1" timestamp="2023-08-11T10:26:06.2744126"><testcase classname="dependency-check" name="aspectjweaver-1.9.19.jar"/></testsuite><testsuite failures="0" id="4" name="C:\Users\efeeeog\.m2\repository\net\bytebuddy\byte-buddy\1.12.22\byte-buddy-1.12.22.jar" package="byte-buddy-1.12.22.jar" skipped="0" tests="1" timestamp="2023-08-11T10:26:06.2744126"><testcase classname="dependency-check" name="byte-buddy-1.12.22.jar"/></testsuite><testsuite failures="0" id="5" name="C:\Users\efeeeog\.m2\repository\com\fasterxml\classmate\1.5.1\classmate-1.5.1.jar" package="classmate-1.5.1.jar" skipped="0" tests="1" timestamp="2023-08-11T10:26:06.2744126"><testcase classname="dependency-check" name="classmate-1.5.1.jar"/></testsuite><testsuite failures="0" id="6" name="C:\Users\efeeeog\.m2\repository\com\h2database\h2\2.1.214\h2-2.1.214.jar\org\h2\util\data.zip\org\h2\server\web\res\table.js" package="h2-2.1.214.jar: data.zip: table.js" skipped="0" tests="1" timestamp="2023-08-11T10:26:06.2744126"><testcase classname="dependency-check" name="h2-2.1.214.jar: data.zip: table.js"/></testsuite><testsuite failures="0" id="7" name="C:\Users\efeeeog\.m2\repository\com\h2database\h2\2.1.214\h2-2.1.214.jar\org\h2\util\data.zip\org\h2\server\web\res\tree.js" package="h2-2.1.214.jar: data.zip: tree.js" skipped="0" tests="1" timestamp="2023-08-11T10:26:06.2744126"><testcase classname="dependency-check" name="h2-2.1.214.jar: data.zip: tree.js"/></testsuite><testsuite failures="2" id="8" name="C:\Users\efeeeog\.m2\repository\com\h2database\h2\2.1.214\h2-2.1.214.jar" package="h2-2.1.214.jar" skipped="0" tests="2" timestamp="2023-08-11T10:26:06.2744126"><testcase classname="CVE-2018-14335" name="pkg:maven/com.h2database/h2@2.1.214"><failure message="cvssV2: MEDIUM, score: 6.0 (/AV:L/AC:L/Au:/C:H/I:N/A:N)"/><system-out>h2database - Improper Link Resolution Before File Access

The software attempts to access a file based on the filename, but it does not properly prevent that filename from identifying a link or shortcut that resolves to an unintended resource.</system-out><system-err>location: C:\Users\efeeeog\.m2\repository\com\h2database\h2\2.1.214\h2-2.1.214.jar</system-err></testcase><testcase classname="CVE-2022-45868" name="pkg:maven/com.h2database/h2@2.1.214"><failure message="cvssV3: HIGH, score: 7.8 (CVSS:3.1/AV:L/AC:L/PR:L/UI:N/S:U/C:H/I:H/A:H)"/><system-out>** DISPUTED ** The web-based admin console in H2 Database Engine through 2.1.214 can be started via the CLI with the argument -webAdminPassword, which allows the user to specify the password in cleartext for the web admin console. Consequently, a local user (or an attacker that has obtained local access through some means) would be able to discover the password by listing processes and their arguments. NOTE: the vendor states &quot;This is not a vulnerability of H2 Console ... Passwords should never be passed on the command line and every qualified DBA or system administrator is expected to know that.&quot;</system-out><system-err>location: C:\Users\efeeeog\.m2\repository\com\h2database\h2\2.1.214\h2-2.1.214.jar</system-err></testcase></testsuite><testsuite failures="0" id="9" name="C:\Users\efeeeog\.m2\repository\org\hibernate\common\hibernate-commons-annotations\6.0.2.Final\hibernate-commons-annotations-6.0.2.Final.jar" package="hibernate-commons-annotations-6.0.2.Final.jar" skipped="0" tests="1" timestamp="2023-08-11T10:26:06.2744126"><testcase classname="dependency-check" name="hibernate-commons-annotations-6.0.2.Final.jar"/></testsuite><testsuite failures="0" id="10" name="C:\Users\efeeeog\.m2\repository\org\hibernate\orm\hibernate-core\6.1.6.Final\hibernate-core-6.1.6.Final.jar" package="hibernate-core-6.1.6.Final.jar" skipped="0" tests="1" timestamp="2023-08-11T10:26:06.2744126"><testcase classname="dependency-check" name="hibernate-core-6.1.6.Final.jar"/></testsuite><testsuite failures="0" id="11" name="C:\Users\efeeeog\.m2\repository\com\sun\istack\istack-commons-runtime\4.1.1\istack-commons-runtime-4.1.1.jar" package="istack-commons-runtime-4.1.1.jar" skipped="0" tests="1" timestamp="2023-08-11T10:26:06.2744126"><testcase classname="dependency-check" name="istack-commons-runtime-4.1.1.jar"/></testsuite><testsuite failures="0" id="12" name="C:\Users\efeeeog\.m2\repository\com\fasterxml\jackson\core\jackson-annotations\2.14.1\jackson-annotations-2.14.1.jar" package="jackson-annotations-2.14.1.jar" skipped="0" tests="1" timestamp="2023-08-11T10:26:06.2744126"><testcase classname="dependency-check" name="jackson-annotations-2.14.1.jar"/></testsuite><testsuite failures="1" id="13" name="C:\Users\efeeeog\.m2\repository\com\fasterxml\jackson\core\jackson-core\2.14.1\jackson-core-2.14.1.jar" package="jackson-core-2.14.1.jar" skipped="0" tests="1" timestamp="2023-08-11T10:26:06.2744126"><testcase classname="CVE-2022-45688" name="pkg:maven/com.fasterxml.jackson.core/jackson-core@2.14.1"><failure message="cvssV3: HIGH, score: 7.5 (CVSS:3.1/AV:N/AC:L/PR:N/UI:N/S:U/C:N/I:N/A:H)"/><system-out>A stack overflow in the XML.toJSONObject component of hutool-json v5.8.10 allows attackers to cause a Denial of Service (DoS) via crafted JSON or XML data.</system-out><system-err>location: C:\Users\efeeeog\.m2\repository\com\fasterxml\jackson\core\jackson-core\2.14.1\jackson-core-2.14.1.jar</system-err></testcase></testsuite><testsuite failures="1" id="14" name="C:\Users\efeeeog\.m2\repository\com\fasterxml\jackson\core\jackson-databind\2.14.1\jackson-databind-2.14.1.jar" package="jackson-databind-2.14.1.jar" skipped="0" tests="1" timestamp="2023-08-11T10:26:06.2744126"><testcase classname="CVE-2023-35116" name="pkg:maven/com.fasterxml.jackson.core/jackson-databind@2.14.1"><failure message="cvssV3: MEDIUM, score: 4.7 (CVSS:3.1/AV:L/AC:H/PR:L/UI:N/S:U/C:N/I:N/A:H)"/><system-out>** DISPUTED ** jackson-databind through 2.15.2 allows attackers to cause a denial of service or other unspecified impact via a crafted object that uses cyclic dependencies. NOTE: the vendor&apos;s perspective is that this is not a valid vulnerability report, because the steps of constructing a cyclic data structure and trying to serialize it cannot be achieved by an external attacker.</system-out><system-err>location: C:\Users\efeeeog\.m2\repository\com\fasterxml\jackson\core\jackson-databind\2.14.1\jackson-databind-2.14.1.jar</system-err></testcase></testsuite><testsuite failures="2" id="15" name="C:\Users\efeeeog\.m2\repository\jakarta\activation\jakarta.activation-api\2.1.1\jakarta.activation-api-2.1.1.jar" package="jakarta.activation-api-2.1.1.jar" skipped="0" tests="2" timestamp="2023-08-11T10:26:06.2744126"><testcase classname="CVE-2008-7271" name="pkg:maven/jakarta.activation/jakarta.activation-api@2.1.1"><failure message="cvssV2: MEDIUM, score: 4.3 (/AV:N/AC:M/Au:N/C:N/I:P/A:N)"/><system-out>Multiple cross-site scripting (XSS) vulnerabilities in the Help Contents web application (aka the Help Server) in Eclipse IDE, possibly 3.3.2, allow remote attackers to inject arbitrary web script or HTML via (1) the searchWord parameter to help/advanced/searchView.jsp or (2) the workingSet parameter in an add action to help/advanced/workingSetManager.jsp, a different issue than CVE-2010-4647.</system-out><system-err>location: C:\Users\efeeeog\.m2\repository\jakarta\activation\jakarta.activation-api\2.1.1\jakarta.activation-api-2.1.1.jar</system-err></testcase><testcase classname="CVE-2010-4647" name="pkg:maven/jakarta.activation/jakarta.activation-api@2.1.1"><failure message="cvssV2: MEDIUM, score: 4.3 (/AV:N/AC:M/Au:N/C:N/I:P/A:N)"/><system-out>Multiple cross-site scripting (XSS) vulnerabilities in the Help Contents web application (aka the Help Server) in Eclipse IDE before 3.6.2 allow remote attackers to inject arbitrary web script or HTML via the query string to (1) help/index.jsp or (2) help/advanced/content.jsp.</system-out><system-err>location: C:\Users\efeeeog\.m2\repository\jakarta\activation\jakarta.activation-api\2.1.1\jakarta.activation-api-2.1.1.jar</system-err></testcase></testsuite><testsuite failures="0" id="16" name="C:\Users\efeeeog\.m2\repository\jakarta\annotation\jakarta.annotation-api\2.1.1\jakarta.annotation-api-2.1.1.jar" package="jakarta.annotation-api-2.1.1.jar" skipped="0" tests="1" timestamp="2023-08-11T10:26:06.2744126"><testcase classname="dependency-check" name="jakarta.annotation-api-2.1.1.jar"/></testsuite><testsuite failures="0" id="17" name="C:\Users\efeeeog\.m2\repository\jakarta\inject\jakarta.inject-api\2.0.0\jakarta.inject-api-2.0.0.jar" package="jakarta.inject-api-2.0.0.jar" skipped="0" tests="1" timestamp="2023-08-11T10:26:06.2744126"><testcase classname="dependency-check" name="jakarta.inject-api-2.0.0.jar"/></testsuite><testsuite failures="0" id="18" name="C:\Users\efeeeog\.m2\repository\jakarta\persistence\jakarta.persistence-api\3.1.0\jakarta.persistence-api-3.1.0.jar" package="jakarta.persistence-api-3.1.0.jar" skipped="0" tests="1" timestamp="2023-08-11T10:26:06.2744126"><testcase classname="dependency-check" name="jakarta.persistence-api-3.1.0.jar"/></testsuite><testsuite failures="0" id="19" name="C:\Users\efeeeog\.m2\repository\jakarta\transaction\jakarta.transaction-api\2.0.1\jakarta.transaction-api-2.0.1.jar" package="jakarta.transaction-api-2.0.1.jar" skipped="0" tests="1" timestamp="2023-08-11T10:26:06.2744126"><testcase classname="dependency-check" name="jakarta.transaction-api-2.0.1.jar"/></testsuite><testsuite failures="0" id="20" name="C:\Users\efeeeog\.m2\repository\jakarta\xml\bind\jakarta.xml.bind-api\4.0.0\jakarta.xml.bind-api-4.0.0.jar" package="jakarta.xml.bind-api-4.0.0.jar" skipped="0" tests="1" timestamp="2023-08-11T10:26:06.2744126"><testcase classname="dependency-check" name="jakarta.xml.bind-api-4.0.0.jar"/></testsuite><testsuite failures="0" id="21" name="C:\Users\efeeeog\.m2\repository\org\jboss\jandex\2.4.2.Final\jandex-2.4.2.Final.jar" package="jandex-2.4.2.Final.jar" skipped="0" tests="1" timestamp="2023-08-11T10:26:06.2744126"><testcase classname="dependency-check" name="jandex-2.4.2.Final.jar"/></testsuite><testsuite failures="0" id="22" name="C:\Users\efeeeog\.m2\repository\org\glassfish\jaxb\jaxb-core\4.0.1\jaxb-core-4.0.1.jar" package="jaxb-core-4.0.1.jar" skipped="0" tests="1" timestamp="2023-08-11T10:26:06.2744126"><testcase classname="dependency-check" name="jaxb-core-4.0.1.jar"/></testsuite><testsuite failures="0" id="23" name="C:\Users\efeeeog\.m2\repository\org\jboss\logging\jboss-logging\3.5.0.Final\jboss-logging-3.5.0.Final.jar" package="jboss-logging-3.5.0.Final.jar" skipped="0" tests="1" timestamp="2023-08-11T10:26:06.2744126"><testcase classname="dependency-check" name="jboss-logging-3.5.0.Final.jar"/></testsuite><testsuite failures="0" id="24" name="C:\Users\efeeeog\.m2\repository\org\slf4j\jul-to-slf4j\2.0.6\jul-to-slf4j-2.0.6.jar" package="jul-to-slf4j-2.0.6.jar" skipped="0" tests="1" timestamp="2023-08-11T10:26:06.2744126"><testcase classname="dependency-check" name="jul-to-slf4j-2.0.6.jar"/></testsuite><testsuite failures="0" id="25" name="C:\Users\efeeeog\.m2\repository\org\apache\logging\log4j\log4j-api\2.19.0\log4j-api-2.19.0.jar" package="log4j-api-2.19.0.jar" skipped="0" tests="1" timestamp="2023-08-11T10:26:06.2744126"><testcase classname="dependency-check" name="log4j-api-2.19.0.jar"/></testsuite><testsuite failures="0" id="26" name="C:\Users\efeeeog\.m2\repository\ch\qos\logback\logback-core\1.4.5\logback-core-1.4.5.jar" package="logback-core-1.4.5.jar" skipped="0" tests="1" timestamp="2023-08-11T10:26:06.2744126"><testcase classname="dependency-check" name="logback-core-1.4.5.jar"/></testsuite><testsuite failures="0" id="27" name="C:\Users\efeeeog\.m2\repository\io\micrometer\micrometer-commons\1.10.3\micrometer-commons-1.10.3.jar" package="micrometer-commons-1.10.3.jar" skipped="0" tests="1" timestamp="2023-08-11T10:26:06.2744126"><testcase classname="dependency-check" name="micrometer-commons-1.10.3.jar"/></testsuite><testsuite failures="0" id="28" name="C:\Users\efeeeog\.m2\repository\io\micrometer\micrometer-observation\1.10.3\micrometer-observation-1.10.3.jar" package="micrometer-observation-1.10.3.jar" skipped="0" tests="1" timestamp="2023-08-11T10:26:06.2744126"><testcase classname="dependency-check" name="micrometer-observation-1.10.3.jar"/></testsuite><testsuite failures="0" id="29" name="C:\Users\efeeeog\.m2\repository\org\slf4j\slf4j-api\2.0.6\slf4j-api-2.0.6.jar" package="slf4j-api-2.0.6.jar" skipped="0" tests="1" timestamp="2023-08-11T10:26:06.2744126"><testcase classname="dependency-check" name="slf4j-api-2.0.6.jar"/></testsuite><testsuite failures="4" id="30" name="C:\Users\efeeeog\.m2\repository\org\yaml\snakeyaml\1.33\snakeyaml-1.33.jar" package="snakeyaml-1.33.jar" skipped="0" tests="4" timestamp="2023-08-11T10:26:06.2744126"><testcase classname="CVE-2021-4235" name="pkg:maven/org.yaml/snakeyaml@1.33"><failure message="cvssV3: MEDIUM, score: 5.5 (CVSS:3.1/AV:L/AC:L/PR:N/UI:R/S:U/C:N/I:N/A:H)"/><system-out>Due to unbounded alias chasing, a maliciously crafted YAML file can cause the system to consume significant system resources. If parsing user input, this may be used as a denial of service vector.</system-out><system-err>location: C:\Users\efeeeog\.m2\repository\org\yaml\snakeyaml\1.33\snakeyaml-1.33.jar</system-err></testcase><testcase classname="CVE-2022-1471" name="pkg:maven/org.yaml/snakeyaml@1.33"><failure message="cvssV3: CRITICAL, score: 9.8 (CVSS:3.1/AV:N/AC:L/PR:N/UI:N/S:U/C:H/I:H/A:H)"/><system-out>SnakeYaml&apos;s Constructor() class does not restrict types which can be instantiated during deserialization. Deserializing yaml content provided by an attacker can lead to remote code execution. We recommend using SnakeYaml&apos;s SafeConsturctor when parsing untrusted content to restrict deserialization. We recommend upgrading to version 2.0 and beyond.
</system-out><system-err>location: C:\Users\efeeeog\.m2\repository\org\yaml\snakeyaml\1.33\snakeyaml-1.33.jar</system-err></testcase><testcase classname="CVE-2022-3064" name="pkg:maven/org.yaml/snakeyaml@1.33"><failure message="cvssV3: HIGH, score: 7.5 (CVSS:3.1/AV:N/AC:L/PR:N/UI:N/S:U/C:N/I:N/A:H)"/><system-out>Parsing malicious or large YAML documents can consume excessive amounts of CPU or memory.</system-out><system-err>location: C:\Users\efeeeog\.m2\repository\org\yaml\snakeyaml\1.33\snakeyaml-1.33.jar</system-err></testcase><testcase classname="CVE-2023-2251" name="pkg:maven/org.yaml/snakeyaml@1.33"><failure message="cvssV3: HIGH, score: 7.5 (CVSS:3.1/AV:N/AC:L/PR:N/UI:N/S:U/C:N/I:N/A:H)"/><system-out>Uncaught Exception in GitHub repository eemeli/yaml prior to 2.0.0-5.</system-out><system-err>location: C:\Users\efeeeog\.m2\repository\org\yaml\snakeyaml\1.33\snakeyaml-1.33.jar</system-err></testcase></testsuite><testsuite failures="2" id="31" name="C:\Users\efeeeog\.m2\repository\org\springframework\boot\spring-boot\3.0.2\spring-boot-3.0.2.jar" package="spring-boot-3.0.2.jar" skipped="0" tests="2" timestamp="2023-08-11T10:26:06.2744126"><testcase classname="CVE-2023-20873" name="pkg:maven/org.springframework.boot/spring-boot@3.0.2"><failure message="cvssV3: CRITICAL, score: 9.8 (CVSS:3.1/AV:N/AC:L/PR:N/UI:N/S:U/C:H/I:H/A:H)"/><system-out>In Spring Boot versions 3.0.0 - 3.0.5, 2.7.0 - 2.7.10, and older unsupported versions, an application that is deployed to Cloud Foundry could be susceptible to a security bypass. Users of affected versions should apply the following mitigation: 3.0.x users should upgrade to 3.0.6+. 2.7.x users should upgrade to 2.7.11+. Users of older, unsupported versions should upgrade to 3.0.6+ or 2.7.11+.</system-out><system-err>location: C:\Users\efeeeog\.m2\repository\org\springframework\boot\spring-boot\3.0.2\spring-boot-3.0.2.jar</system-err></testcase><testcase classname="CVE-2023-20883" name="pkg:maven/org.springframework.boot/spring-boot@3.0.2"><failure message="cvssV3: HIGH, score: 7.5 (CVSS:3.1/AV:N/AC:L/PR:N/UI:N/S:U/C:N/I:N/A:H)"/><system-out>In Spring Boot versions 3.0.0 - 3.0.6, 2.7.0 - 2.7.11, 2.6.0 - 2.6.14, 2.5.0 - 2.5.14 and older unsupported versions, there is potential for a denial-of-service (DoS) attack if Spring MVC is used together with a reverse proxy cache.</system-out><system-err>location: C:\Users\efeeeog\.m2\repository\org\springframework\boot\spring-boot\3.0.2\spring-boot-3.0.2.jar</system-err></testcase></testsuite><testsuite failures="3" id="32" name="C:\Users\efeeeog\.m2\repository\org\springframework\spring-core\6.0.4\spring-core-6.0.4.jar" package="spring-core-6.0.4.jar" skipped="0" tests="3" timestamp="2023-08-11T10:26:06.2744126"><testcase classname="CVE-2023-20860" name="pkg:maven/org.springframework/spring-core@6.0.4"><failure message="cvssV3: HIGH, score: 7.5 (CVSS:3.1/AV:N/AC:L/PR:N/UI:N/S:U/C:N/I:H/A:N)"/><system-out>Spring Framework running version 6.0.0 - 6.0.6 or 5.3.0 - 5.3.25 using &quot;**&quot; as a pattern in Spring Security configuration with the mvcRequestMatcher creates a mismatch in pattern matching between Spring Security and Spring MVC, and the potential for a security bypass.</system-out><system-err>location: C:\Users\efeeeog\.m2\repository\org\springframework\spring-core\6.0.4\spring-core-6.0.4.jar</system-err></testcase><testcase classname="CVE-2023-20861" name="pkg:maven/org.springframework/spring-core@6.0.4"><failure message="cvssV3: MEDIUM, score: 6.5 (CVSS:3.1/AV:N/AC:L/PR:L/UI:N/S:U/C:N/I:N/A:H)"/><system-out>In Spring Framework versions 6.0.0 - 6.0.6, 5.3.0 - 5.3.25, 5.2.0.RELEASE - 5.2.22.RELEASE, and older unsupported versions, it is possible for a user to provide a specially crafted SpEL expression that may cause a denial-of-service (DoS) condition.</system-out><system-err>location: C:\Users\efeeeog\.m2\repository\org\springframework\spring-core\6.0.4\spring-core-6.0.4.jar</system-err></testcase><testcase classname="CVE-2023-20863" name="pkg:maven/org.springframework/spring-core@6.0.4"><failure message="cvssV3: MEDIUM, score: 6.5 (CVSS:3.1/AV:N/AC:L/PR:L/UI:N/S:U/C:N/I:N/A:H)"/><system-out>In spring framework versions prior to 5.2.24 release+ ,5.3.27+ and 6.0.8+ , it is possible for a user to provide a specially crafted SpEL expression that may cause a denial-of-service (DoS) condition.</system-out><system-err>location: C:\Users\efeeeog\.m2\repository\org\springframework\spring-core\6.0.4\spring-core-6.0.4.jar</system-err></testcase></testsuite><testsuite failures="0" id="33" name="C:\Users\efeeeog\.m2\repository\org\springframework\data\spring-data-commons\3.0.1\spring-data-commons-3.0.1.jar" package="spring-data-commons-3.0.1.jar" skipped="0" tests="1" timestamp="2023-08-11T10:26:06.2744126"><testcase classname="dependency-check" name="spring-data-commons-3.0.1.jar"/></testsuite><testsuite failures="0" id="34" name="C:\Users\efeeeog\.m2\repository\org\springframework\data\spring-data-jpa\3.0.1\spring-data-jpa-3.0.1.jar" package="spring-data-jpa-3.0.1.jar" skipped="0" tests="1" timestamp="2023-08-11T10:26:06.2744126"><testcase classname="dependency-check" name="spring-data-jpa-3.0.1.jar"/></testsuite><testsuite failures="0" id="35" name="C:\Users\efeeeog\.m2\repository\org\springframework\spring-web\6.0.4\spring-web-6.0.4.jar" package="spring-web-6.0.4.jar" skipped="0" tests="1" timestamp="2023-08-11T10:26:06.2744126"><testcase classname="dependency-check" name="spring-web-6.0.4.jar"/></testsuite><testsuite failures="1" id="36" name="C:\Users\efeeeog\.m2\repository\org\springframework\spring-webmvc\6.0.4\spring-webmvc-6.0.4.jar" package="spring-webmvc-6.0.4.jar" skipped="0" tests="1" timestamp="2023-08-11T10:26:06.2744126"><testcase classname="CVE-2023-20860" name="pkg:maven/org.springframework/spring-webmvc@6.0.4"><failure message="cvssV2: HIGH, score: 7.5 (/AV:N/AC:L/Au:/C:N/I:H/A:N)"/><system-out>Spring Framework running version 6.0.0 - 6.0.6 or 5.3.0 - 5.3.25 using &quot;**&quot; as a pattern in Spring Security configuration with the mvcRequestMatcher creates a mismatch in pattern matching between Spring Security and Spring MVC, and the potential for a security bypass.

Sonatype&apos;s research suggests that this CVE&apos;s details differ from those defined at NVD. See https://ossindex.sonatype.org/vulnerability/CVE-2023-20860 for details</system-out><system-err>location: C:\Users\efeeeog\.m2\repository\org\springframework\spring-webmvc\6.0.4\spring-webmvc-6.0.4.jar</system-err></testcase></testsuite><testsuite failures="2" id="37" name="C:\Users\efeeeog\.m2\repository\org\apache\tomcat\embed\tomcat-embed-core\10.1.5\tomcat-embed-core-10.1.5.jar" package="tomcat-embed-core-10.1.5.jar" skipped="0" tests="2" timestamp="2023-08-11T10:26:06.2744126"><testcase classname="CVE-2023-28708" name="pkg:maven/org.apache.tomcat.embed/tomcat-embed-core@10.1.5"><failure message="cvssV3: MEDIUM, score: 4.3 (CVSS:3.1/AV:N/AC:L/PR:N/UI:R/S:U/C:L/I:N/A:N)"/><system-out>When using the RemoteIpFilter with requests received from a reverse proxy via HTTP that include the X-Forwarded-Proto header set to https, session cookies created by Apache Tomcat 11.0.0-M1 to 11.0.0.-M2, 10.1.0-M1 to 10.1.5, 9.0.0-M1 to 9.0.71 and 8.5.0 to 8.5.85 did not include the secure attribute. This could result in the user agent transmitting the session cookie over an insecure channel.</system-out><system-err>location: C:\Users\efeeeog\.m2\repository\org\apache\tomcat\embed\tomcat-embed-core\10.1.5\tomcat-embed-core-10.1.5.jar</system-err></testcase><testcase classname="CVE-2023-28709" name="pkg:maven/org.apache.tomcat.embed/tomcat-embed-core@10.1.5"><failure message="cvssV3: HIGH, score: 7.5 (CVSS:3.1/AV:N/AC:L/PR:N/UI:N/S:U/C:N/I:N/A:H)"/><system-out>The fix for CVE-2023-24998 was incomplete for Apache Tomcat 11.0.0-M2 to 11.0.0-M4, 10.1.5 to 10.1.7, 9.0.71 to 9.0.73 and 8.5.85 to 8.5.87. If non-default HTTP       connector settings were used such that the maxParameterCount could be reached using query string parameters and a request was       submitted that supplied exactly maxParameterCount parameters in the query string, the limit for uploaded request parts could be bypassed with the potential for a denial of service to occur.




</system-out><system-err>location: C:\Users\efeeeog\.m2\repository\org\apache\tomcat\embed\tomcat-embed-core\10.1.5\tomcat-embed-core-10.1.5.jar</system-err></testcase></testsuite><testsuite failures="0" id="38" name="C:\Users\efeeeog\.m2\repository\org\apache\tomcat\embed\tomcat-embed-el\10.1.5\tomcat-embed-el-10.1.5.jar" package="tomcat-embed-el-10.1.5.jar" skipped="0" tests="1" timestamp="2023-08-11T10:26:06.2744126"><testcase classname="dependency-check" name="tomcat-embed-el-10.1.5.jar"/></testsuite><testsuite failures="0" id="39" name="C:\Users\efeeeog\.m2\repository\org\glassfish\jaxb\txw2\4.0.1\txw2-4.0.1.jar" package="txw2-4.0.1.jar" skipped="0" tests="1" timestamp="2023-08-11T10:26:06.2744126"><testcase classname="dependency-check" name="txw2-4.0.1.jar"/></testsuite></testsuites>