<?xml version="1.0" encoding="UTF-8"?><testsuites failures="9" name="dependency-check" tests="6"><testsuite failures="0" id="0" name="C:\Users\efeeeog\.m2\repository\org\aspectj\aspectjweaver\1.9.19\aspectjweaver-1.9.19.jar" package="aspectjweaver-1.9.19.jar" skipped="0" tests="1" timestamp="2023-08-11T15:47:27.1307426"><testcase classname="dependency-check" name="aspectjweaver-1.9.19.jar"/></testsuite><testsuite failures="0" id="1" name="C:\Users\efeeeog\.m2\repository\jakarta\annotation\jakarta.annotation-api\2.1.1\jakarta.annotation-api-2.1.1.jar" package="jakarta.annotation-api-2.1.1.jar" skipped="0" tests="1" timestamp="2023-08-11T15:47:27.1307426"><testcase classname="dependency-check" name="jakarta.annotation-api-2.1.1.jar"/></testsuite><testsuite failures="0" id="2" name="C:\Users\efeeeog\.m2\repository\org\slf4j\jul-to-slf4j\2.0.6\jul-to-slf4j-2.0.6.jar" package="jul-to-slf4j-2.0.6.jar" skipped="0" tests="1" timestamp="2023-08-11T15:47:27.1307426"><testcase classname="dependency-check" name="jul-to-slf4j-2.0.6.jar"/></testsuite><testsuite failures="0" id="3" name="C:\Users\efeeeog\.m2\repository\org\apache\logging\log4j\log4j-api\2.19.0\log4j-api-2.19.0.jar" package="log4j-api-2.19.0.jar" skipped="0" tests="1" timestamp="2023-08-11T15:47:27.1307426"><testcase classname="dependency-check" name="log4j-api-2.19.0.jar"/></testsuite><testsuite failures="0" id="4" name="C:\Users\efeeeog\.m2\repository\ch\qos\logback\logback-core\1.4.5\logback-core-1.4.5.jar" package="logback-core-1.4.5.jar" skipped="0" tests="1" timestamp="2023-08-11T15:47:27.1307426"><testcase classname="dependency-check" name="logback-core-1.4.5.jar"/></testsuite><testsuite failures="0" id="5" name="C:\Users\efeeeog\.m2\repository\org\slf4j\slf4j-api\2.0.6\slf4j-api-2.0.6.jar" package="slf4j-api-2.0.6.jar" skipped="0" tests="1" timestamp="2023-08-11T15:47:27.1307426"><testcase classname="dependency-check" name="slf4j-api-2.0.6.jar"/></testsuite><testsuite failures="4" id="6" name="C:\Users\efeeeog\.m2\repository\org\yaml\snakeyaml\1.33\snakeyaml-1.33.jar" package="snakeyaml-1.33.jar" skipped="0" tests="4" timestamp="2023-08-11T15:47:27.1307426"><testcase classname="CVE-2021-4235" name="pkg:maven/org.yaml/snakeyaml@1.33"><failure message="cvssV3: MEDIUM, score: 5.5 (CVSS:3.1/AV:L/AC:L/PR:N/UI:R/S:U/C:N/I:N/A:H)"/><system-out>Due to unbounded alias chasing, a maliciously crafted YAML file can cause the system to consume significant system resources. If parsing user input, this may be used as a denial of service vector.</system-out><system-err>location: C:\Users\efeeeog\.m2\repository\org\yaml\snakeyaml\1.33\snakeyaml-1.33.jar</system-err></testcase><testcase classname="CVE-2022-1471" name="pkg:maven/org.yaml/snakeyaml@1.33"><failure message="cvssV3: CRITICAL, score: 9.8 (CVSS:3.1/AV:N/AC:L/PR:N/UI:N/S:U/C:H/I:H/A:H)"/><system-out>SnakeYaml&apos;s Constructor() class does not restrict types which can be instantiated during deserialization. Deserializing yaml content provided by an attacker can lead to remote code execution. We recommend using SnakeYaml&apos;s SafeConsturctor when parsing untrusted content to restrict deserialization. We recommend upgrading to version 2.0 and beyond.
</system-out><system-err>location: C:\Users\efeeeog\.m2\repository\org\yaml\snakeyaml\1.33\snakeyaml-1.33.jar</system-err></testcase><testcase classname="CVE-2022-3064" name="pkg:maven/org.yaml/snakeyaml@1.33"><failure message="cvssV3: HIGH, score: 7.5 (CVSS:3.1/AV:N/AC:L/PR:N/UI:N/S:U/C:N/I:N/A:H)"/><system-out>Parsing malicious or large YAML documents can consume excessive amounts of CPU or memory.</system-out><system-err>location: C:\Users\efeeeog\.m2\repository\org\yaml\snakeyaml\1.33\snakeyaml-1.33.jar</system-err></testcase><testcase classname="CVE-2023-2251" name="pkg:maven/org.yaml/snakeyaml@1.33"><failure message="cvssV3: HIGH, score: 7.5 (CVSS:3.1/AV:N/AC:L/PR:N/UI:N/S:U/C:N/I:N/A:H)"/><system-out>Uncaught Exception in GitHub repository eemeli/yaml prior to 2.0.0-5.</system-out><system-err>location: C:\Users\efeeeog\.m2\repository\org\yaml\snakeyaml\1.33\snakeyaml-1.33.jar</system-err></testcase></testsuite><testsuite failures="2" id="7" name="C:\Users\efeeeog\.m2\repository\org\springframework\boot\spring-boot\3.0.2\spring-boot-3.0.2.jar" package="spring-boot-3.0.2.jar" skipped="0" tests="2" timestamp="2023-08-11T15:47:27.1307426"><testcase classname="CVE-2023-20873" name="pkg:maven/org.springframework.boot/spring-boot@3.0.2"><failure message="cvssV3: CRITICAL, score: 9.8 (CVSS:3.1/AV:N/AC:L/PR:N/UI:N/S:U/C:H/I:H/A:H)"/><system-out>In Spring Boot versions 3.0.0 - 3.0.5, 2.7.0 - 2.7.10, and older unsupported versions, an application that is deployed to Cloud Foundry could be susceptible to a security bypass. Users of affected versions should apply the following mitigation: 3.0.x users should upgrade to 3.0.6+. 2.7.x users should upgrade to 2.7.11+. Users of older, unsupported versions should upgrade to 3.0.6+ or 2.7.11+.</system-out><system-err>location: C:\Users\efeeeog\.m2\repository\org\springframework\boot\spring-boot\3.0.2\spring-boot-3.0.2.jar</system-err></testcase><testcase classname="CVE-2023-20883" name="pkg:maven/org.springframework.boot/spring-boot@3.0.2"><failure message="cvssV3: HIGH, score: 7.5 (CVSS:3.1/AV:N/AC:L/PR:N/UI:N/S:U/C:N/I:N/A:H)"/><system-out>In Spring Boot versions 3.0.0 - 3.0.6, 2.7.0 - 2.7.11, 2.6.0 - 2.6.14, 2.5.0 - 2.5.14 and older unsupported versions, there is potential for a denial-of-service (DoS) attack if Spring MVC is used together with a reverse proxy cache.</system-out><system-err>location: C:\Users\efeeeog\.m2\repository\org\springframework\boot\spring-boot\3.0.2\spring-boot-3.0.2.jar</system-err></testcase></testsuite><testsuite failures="3" id="8" name="C:\Users\efeeeog\.m2\repository\org\springframework\spring-core\6.0.4\spring-core-6.0.4.jar" package="spring-core-6.0.4.jar" skipped="0" tests="3" timestamp="2023-08-11T15:47:27.1307426"><testcase classname="CVE-2023-20860" name="pkg:maven/org.springframework/spring-core@6.0.4"><failure message="cvssV3: HIGH, score: 7.5 (CVSS:3.1/AV:N/AC:L/PR:N/UI:N/S:U/C:N/I:H/A:N)"/><system-out>Spring Framework running version 6.0.0 - 6.0.6 or 5.3.0 - 5.3.25 using &quot;**&quot; as a pattern in Spring Security configuration with the mvcRequestMatcher creates a mismatch in pattern matching between Spring Security and Spring MVC, and the potential for a security bypass.</system-out><system-err>location: C:\Users\efeeeog\.m2\repository\org\springframework\spring-core\6.0.4\spring-core-6.0.4.jar</system-err></testcase><testcase classname="CVE-2023-20861" name="pkg:maven/org.springframework/spring-core@6.0.4"><failure message="cvssV3: MEDIUM, score: 6.5 (CVSS:3.1/AV:N/AC:L/PR:L/UI:N/S:U/C:N/I:N/A:H)"/><system-out>In Spring Framework versions 6.0.0 - 6.0.6, 5.3.0 - 5.3.25, 5.2.0.RELEASE - 5.2.22.RELEASE, and older unsupported versions, it is possible for a user to provide a specially crafted SpEL expression that may cause a denial-of-service (DoS) condition.</system-out><system-err>location: C:\Users\efeeeog\.m2\repository\org\springframework\spring-core\6.0.4\spring-core-6.0.4.jar</system-err></testcase><testcase classname="CVE-2023-20863" name="pkg:maven/org.springframework/spring-core@6.0.4"><failure message="cvssV3: MEDIUM, score: 6.5 (CVSS:3.1/AV:N/AC:L/PR:L/UI:N/S:U/C:N/I:N/A:H)"/><system-out>In spring framework versions prior to 5.2.24 release+ ,5.3.27+ and 6.0.8+ , it is possible for a user to provide a specially crafted SpEL expression that may cause a denial-of-service (DoS) condition.</system-out><system-err>location: C:\Users\efeeeog\.m2\repository\org\springframework\spring-core\6.0.4\spring-core-6.0.4.jar</system-err></testcase></testsuite></testsuites>